2022-01-21 13:19:57,174 MainThread udi_interface      INFO     polylogger:set_basic_config: set_basic_config: enable=True level=30
2022-01-21 13:19:58,456 MainThread udi_interface      INFO     __init__:<module>: UDI Python Interface for Polyglot version 3 3.0.32 Starting...
2022-01-21 13:29:07,950 MainThread udi_interface      INFO     polylogger:set_basic_config: set_basic_config: enable=True level=30
2022-01-21 13:29:08,364 MainThread udi_interface      INFO     __init__:<module>: UDI Python Interface for Polyglot version 3 3.0.32 Starting...
2022-01-21 13:29:57,416 MainThread udi_interface      INFO     polylogger:set_basic_config: set_basic_config: enable=True level=30
2022-01-21 13:29:57,832 MainThread udi_interface      INFO     __init__:<module>: UDI Python Interface for Polyglot version 3 3.0.32 Starting...
2022-01-21 13:55:54,066 MainThread udi_interface      INFO     polylogger:set_basic_config: set_basic_config: enable=True level=30
2022-01-21 13:55:54,462 MainThread udi_interface      INFO     __init__:<module>: UDI Python Interface for Polyglot version 3 3.0.32 Starting...
2022-01-21 13:55:54,492 MainThread udi_interface      ERROR    udi_interface:write: Traceback (most recent call last):
2022-01-21 13:55:54,492 MainThread udi_interface      ERROR    udi_interface:write: File "/Users/javierrefuerzo/Python/ItachIrNodeServer/tests.py", line 26, in <module>
2022-01-21 13:55:54,492 MainThread udi_interface      ERROR    udi_interface:write: mod = DirModifier()
2022-01-21 13:55:54,492 MainThread udi_interface      ERROR    udi_interface:write: TypeError
2022-01-21 13:55:54,492 MainThread udi_interface      ERROR    udi_interface:write: :
2022-01-21 13:55:54,492 MainThread udi_interface      ERROR    udi_interface:write: __init__() missing 1 required positional argument: 'devices'
2022-01-21 13:57:26,372 MainThread udi_interface      INFO     polylogger:set_basic_config: set_basic_config: enable=True level=30
2022-01-21 13:57:26,783 MainThread udi_interface      INFO     __init__:<module>: UDI Python Interface for Polyglot version 3 3.0.32 Starting...
2022-01-21 13:57:26,801 MainThread udi_interface      ERROR    udi_interface:write: Traceback (most recent call last):
2022-01-21 13:57:26,802 MainThread udi_interface      ERROR    udi_interface:write: File "/Users/javierrefuerzo/Python/ItachIrNodeServer/tests.py", line 26, in <module>
2022-01-21 13:57:26,802 MainThread udi_interface      ERROR    udi_interface:write: mod = DirModifier()
2022-01-21 13:57:26,802 MainThread udi_interface      ERROR    udi_interface:write: TypeError
2022-01-21 13:57:26,802 MainThread udi_interface      ERROR    udi_interface:write: :
2022-01-21 13:57:26,802 MainThread udi_interface      ERROR    udi_interface:write: __init__() missing 1 required positional argument: 'devices'
2022-01-21 13:57:51,810 MainThread udi_interface      INFO     polylogger:set_basic_config: set_basic_config: enable=True level=30
2022-01-21 13:57:52,343 MainThread udi_interface      INFO     __init__:<module>: UDI Python Interface for Polyglot version 3 3.0.32 Starting...
2022-01-21 13:57:52,372 MainThread udi_interface      ERROR    udi_interface:write: Traceback (most recent call last):
2022-01-21 13:57:52,373 MainThread udi_interface      ERROR    udi_interface:write: File "/Users/javierrefuerzo/Python/ItachIrNodeServer/tests.py", line 26, in <module>
2022-01-21 13:57:52,373 MainThread udi_interface      ERROR    udi_interface:write: mod = DirModifier()
2022-01-21 13:57:52,373 MainThread udi_interface      ERROR    udi_interface:write: TypeError
2022-01-21 13:57:52,373 MainThread udi_interface      ERROR    udi_interface:write: :
2022-01-21 13:57:52,373 MainThread udi_interface      ERROR    udi_interface:write: __init__() missing 1 required positional argument: 'devices'
2022-01-21 13:58:32,958 MainThread udi_interface      INFO     polylogger:set_basic_config: set_basic_config: enable=True level=30
2022-01-21 13:58:33,376 MainThread udi_interface      INFO     __init__:<module>: UDI Python Interface for Polyglot version 3 3.0.32 Starting...
2022-01-21 13:58:33,404 MainThread udi_interface      DEBUG    udi_interface:write: Finished
2022-01-21 14:14:41,359 MainThread udi_interface      INFO     polylogger:set_basic_config: set_basic_config: enable=True level=30
2022-01-21 14:14:41,881 MainThread udi_interface      INFO     __init__:<module>: UDI Python Interface for Polyglot version 3 3.0.32 Starting...
2022-01-21 14:14:41,919 MainThread udi_interface      DEBUG    udi_interface:write: Finished
2022-01-21 14:29:17,769 MainThread udi_interface      INFO     polylogger:set_basic_config: set_basic_config: enable=True level=30
2022-01-21 14:29:18,186 MainThread udi_interface      INFO     __init__:<module>: UDI Python Interface for Polyglot version 3 3.0.32 Starting...
2022-01-21 14:29:18,219 MainThread udi_interface      ERROR    udi_interface:write: Traceback (most recent call last):
2022-01-21 14:29:18,219 MainThread udi_interface      ERROR    udi_interface:write: File "/Users/javierrefuerzo/Python/ItachIrNodeServer/tests.py", line 44, in <module>
2022-01-21 14:29:18,219 MainThread udi_interface      ERROR    udi_interface:write: mod = DirModifier(devices=deviceList)
2022-01-21 14:29:18,219 MainThread udi_interface      ERROR    udi_interface:write: File "/Users/javierrefuerzo/Python/ItachIrNodeServer/objects/dirModifier.py", line 23, in __init__
2022-01-21 14:29:18,219 MainThread udi_interface      ERROR    udi_interface:write: self.makeNls()
2022-01-21 14:29:18,219 MainThread udi_interface      ERROR    udi_interface:write: File "/Users/javierrefuerzo/Python/ItachIrNodeServer/objects/dirModifier.py", line 35, in makeNls
2022-01-21 14:29:18,219 MainThread udi_interface      ERROR    udi_interface:write: name = self.get_valid_node_name(device.name)
2022-01-21 14:29:18,220 MainThread udi_interface      ERROR    udi_interface:write: File "/Users/javierrefuerzo/Python/ItachIrNodeServer/objects/dirModifier.py", line 56, in get_valid_node_name
2022-01-21 14:29:18,220 MainThread udi_interface      ERROR    udi_interface:write: sname = re.sub(r"[<>`~!@#$%^&*(){}[\]?/\\;:\"']+", "", name)
2022-01-21 14:29:18,220 MainThread udi_interface      ERROR    udi_interface:write: NameError
2022-01-21 14:29:18,220 MainThread udi_interface      ERROR    udi_interface:write: :
2022-01-21 14:29:18,220 MainThread udi_interface      ERROR    udi_interface:write: name 're' is not defined
2022-01-21 14:31:12,996 MainThread udi_interface      INFO     polylogger:set_basic_config: set_basic_config: enable=True level=30
2022-01-21 14:31:13,378 MainThread udi_interface      INFO     __init__:<module>: UDI Python Interface for Polyglot version 3 3.0.32 Starting...
2022-01-21 14:31:13,420 MainThread udi_interface      DEBUG    udi_interface:write: device: device One
2022-01-21 14:31:13,421 MainThread udi_interface      ERROR    udi_interface:write: Traceback (most recent call last):
2022-01-21 14:31:13,421 MainThread udi_interface      ERROR    udi_interface:write: File "/Users/javierrefuerzo/Python/ItachIrNodeServer/tests.py", line 44, in <module>
2022-01-21 14:31:13,421 MainThread udi_interface      ERROR    udi_interface:write: mod = DirModifier(devices=deviceList)
2022-01-21 14:31:13,421 MainThread udi_interface      ERROR    udi_interface:write: File "/Users/javierrefuerzo/Python/ItachIrNodeServer/objects/dirModifier.py", line 23, in __init__
2022-01-21 14:31:13,421 MainThread udi_interface      ERROR    udi_interface:write: self.makeNls()
2022-01-21 14:31:13,421 MainThread udi_interface      ERROR    udi_interface:write: File "/Users/javierrefuerzo/Python/ItachIrNodeServer/objects/dirModifier.py", line 34, in makeNls
2022-01-21 14:31:13,422 MainThread udi_interface      ERROR    udi_interface:write: print("num of codes: " + len(device.buttons))
2022-01-21 14:31:13,422 MainThread udi_interface      ERROR    udi_interface:write: TypeError
2022-01-21 14:31:13,422 MainThread udi_interface      ERROR    udi_interface:write: :
2022-01-21 14:31:13,422 MainThread udi_interface      ERROR    udi_interface:write: can only concatenate str (not "int") to str
2022-01-21 14:32:34,859 MainThread udi_interface      INFO     polylogger:set_basic_config: set_basic_config: enable=True level=30
2022-01-21 14:32:35,293 MainThread udi_interface      INFO     __init__:<module>: UDI Python Interface for Polyglot version 3 3.0.32 Starting...
2022-01-21 14:32:35,325 MainThread udi_interface      DEBUG    udi_interface:write: init
2022-01-21 14:32:35,325 MainThread udi_interface      DEBUG    udi_interface:write: makeNls
2022-01-21 14:32:35,326 MainThread udi_interface      DEBUG    udi_interface:write: device: device One
2022-01-21 14:32:35,326 MainThread udi_interface      ERROR    udi_interface:write: Traceback (most recent call last):
2022-01-21 14:32:35,326 MainThread udi_interface      ERROR    udi_interface:write: File "/Users/javierrefuerzo/Python/ItachIrNodeServer/tests.py", line 44, in <module>
2022-01-21 14:32:35,326 MainThread udi_interface      ERROR    udi_interface:write: mod = DirModifier(devices=deviceList)
2022-01-21 14:32:35,326 MainThread udi_interface      ERROR    udi_interface:write: File "/Users/javierrefuerzo/Python/ItachIrNodeServer/objects/dirModifier.py", line 25, in __init__
2022-01-21 14:32:35,326 MainThread udi_interface      ERROR    udi_interface:write: self.makeNls()
2022-01-21 14:32:35,327 MainThread udi_interface      ERROR    udi_interface:write: File "/Users/javierrefuerzo/Python/ItachIrNodeServer/objects/dirModifier.py", line 37, in makeNls
2022-01-21 14:32:35,327 MainThread udi_interface      ERROR    udi_interface:write: print("num of codes: " + len(device.buttons))
2022-01-21 14:32:35,327 MainThread udi_interface      ERROR    udi_interface:write: TypeError
2022-01-21 14:32:35,327 MainThread udi_interface      ERROR    udi_interface:write: :
2022-01-21 14:32:35,327 MainThread udi_interface      ERROR    udi_interface:write: can only concatenate str (not "int") to str
2022-01-21 14:33:22,491 MainThread udi_interface      INFO     polylogger:set_basic_config: set_basic_config: enable=True level=30
2022-01-21 14:33:22,938 MainThread udi_interface      INFO     __init__:<module>: UDI Python Interface for Polyglot version 3 3.0.32 Starting...
2022-01-21 14:33:22,966 MainThread udi_interface      DEBUG    udi_interface:write: init
2022-01-21 14:33:22,967 MainThread udi_interface      DEBUG    udi_interface:write: makeNls
2022-01-21 14:33:22,967 MainThread udi_interface      DEBUG    udi_interface:write: device: device One
2022-01-21 14:33:22,967 MainThread udi_interface      ERROR    udi_interface:write: Traceback (most recent call last):
2022-01-21 14:33:22,967 MainThread udi_interface      ERROR    udi_interface:write: File "/Users/javierrefuerzo/Python/ItachIrNodeServer/tests.py", line 44, in <module>
2022-01-21 14:33:22,967 MainThread udi_interface      ERROR    udi_interface:write: mod = DirModifier(devices=deviceList)
2022-01-21 14:33:22,967 MainThread udi_interface      ERROR    udi_interface:write: File "/Users/javierrefuerzo/Python/ItachIrNodeServer/objects/dirModifier.py", line 25, in __init__
2022-01-21 14:33:22,967 MainThread udi_interface      ERROR    udi_interface:write: self.makeNls()
2022-01-21 14:33:22,968 MainThread udi_interface      ERROR    udi_interface:write: File "/Users/javierrefuerzo/Python/ItachIrNodeServer/objects/dirModifier.py", line 37, in makeNls
2022-01-21 14:33:22,968 MainThread udi_interface      ERROR    udi_interface:write: print("num of codes: " + len(device.buttons))
2022-01-21 14:33:22,968 MainThread udi_interface      ERROR    udi_interface:write: TypeError
2022-01-21 14:33:22,968 MainThread udi_interface      ERROR    udi_interface:write: :
2022-01-21 14:33:22,968 MainThread udi_interface      ERROR    udi_interface:write: can only concatenate str (not "int") to str
2022-01-21 14:36:05,537 MainThread udi_interface      INFO     polylogger:set_basic_config: set_basic_config: enable=True level=30
2022-01-21 14:36:05,948 MainThread udi_interface      INFO     __init__:<module>: UDI Python Interface for Polyglot version 3 3.0.32 Starting...
2022-01-21 14:36:05,974 MainThread udi_interface      DEBUG    udi_interface:write: Started
2022-01-21 14:36:05,974 MainThread udi_interface      DEBUG    udi_interface:write: init
2022-01-21 14:36:05,974 MainThread udi_interface      DEBUG    udi_interface:write: makeNls
2022-01-21 14:36:05,974 MainThread udi_interface      DEBUG    udi_interface:write: device: device One
2022-01-21 14:36:05,974 MainThread udi_interface      ERROR    udi_interface:write: Traceback (most recent call last):
2022-01-21 14:36:05,974 MainThread udi_interface      ERROR    udi_interface:write: File "/Users/javierrefuerzo/Python/ItachIrNodeServer/tests.py", line 46, in <module>
2022-01-21 14:36:05,975 MainThread udi_interface      ERROR    udi_interface:write: mod = DirModifier(devices=deviceList)
2022-01-21 14:36:05,975 MainThread udi_interface      ERROR    udi_interface:write: File "/Users/javierrefuerzo/Python/ItachIrNodeServer/objects/dirModifier.py", line 25, in __init__
2022-01-21 14:36:05,975 MainThread udi_interface      ERROR    udi_interface:write: self.makeNls()
2022-01-21 14:36:05,975 MainThread udi_interface      ERROR    udi_interface:write: File "/Users/javierrefuerzo/Python/ItachIrNodeServer/objects/dirModifier.py", line 37, in makeNls
2022-01-21 14:36:05,976 MainThread udi_interface      ERROR    udi_interface:write: print("num of codes: " + len(device.buttons))
2022-01-21 14:36:05,976 MainThread udi_interface      ERROR    udi_interface:write: TypeError
2022-01-21 14:36:05,976 MainThread udi_interface      ERROR    udi_interface:write: :
2022-01-21 14:36:05,976 MainThread udi_interface      ERROR    udi_interface:write: can only concatenate str (not "int") to str
